Log started at 22.10.2024	21:59:53
Number of used processors (NPROC): 12.
Number of mesh partitions (NPART): 12.
Total Physical Memory = 15.73 Gb, Available Physical Memory = 7.48 Gb
Computer name:	DESKTOP-A3HMU9V
Operating system:	Windows 10 (or higher) (Version 10.0.19045)

SOLIDWORKS 2020 SP4.0
Flow Simulation 2020  x64 / 4995 / MESHER ver. efd_dev.4663_05.07.2019 

Project: C:\PHYSTECH\Books\SOLID\Занятие 4\7\7.xmlconfig
Configuration name: По умолчанию
Project name: 33 м.с
NGK: OFF
MBO: OFF

Mesh generation started:	22.10.2024	21:59:53
-----------------------------------------------------------------------
Mesher option run = eRunMesherNormal
-----------------------------------------------------------------------
Base mesh dimensions were changed from (257, 104, 1) to (256, 104, 1)
Current CPU = 0 sec
-----------------------------------------------------------------------
Geometries initialization:
-----------------------------------------------------------------------
Loading mesh settings (global/local)...
-----------------------------------------------------------------------
Number of geometries from DB: 1
Geometry(0):
	Guid = {00000000-0000-0000-0000-000000000000}
	Fluid..
	1 Body.
	1 Real body.
	-- Bodyset 0 --
		Tolerance=9.0807e-06.
		3 Face(s).
			3 of b-spline type.
		0 Face(s) that have no ref faces
		2 Plane surface(s).
		1 Extrude surface(s).
		636 Triangle(s).
		Getting triangle connectivities from DB: 0.000 s
		2 Edge(s).
			2 of b-spline type.
		BodyGeom reading: 0.003 s.
		1 Reference Face(s).
		320 Reference Triangles.
		Getting triangle connectivities from DB (Ref): 0.000 s
		BodyGeom Ref reading: 0.000 s.
		Getting triangle connectivities from DB (Extra Triangulation): 0.000 s
Geometry(1):
	Solid.
	-- Bodyset 1 --
	Empty
-----------------------------------------------------------------------
Number of geometries in task: 2
Number of bodysets   in task: 2
-----------------------------------------------------------------------
	Making hash and connectivity for Bodyset ...
		CBodyGeom:
		Hash size: {256, 104, 3}.
		Mesh size: {256, 104, 1}.
		Hashing triangles...Ok.
			axis(0) tr sizes: average=60 max=175
			axis(1) tr sizes: average=5 max=37
			axis(2) tr sizes: average=3 max=34
		Number of t-connected sets:1
			(0) size=636
		Done.
		CBodyGeomRef:
		Hashing triangles...Ok.
			axis(0) tr sizes: average=7 max=22
			axis(1) tr sizes: average=5 max=22
			axis(2) tr sizes: average=2 max=14
		Done.
	0.00744 s.
Geometries reading and preparing has taken 0.012 s.

Mapped triangles:
Hashing mesh regions data
	Triangles num=162
	Triangles box={-0.000107386  ,0.15  ,-0.00469237  ,0.0132839  ,1.52656e-16  ,0.1  }
		3d-hash size is 108404 bytes
Hashing geometries triangles
	Triangles num=636
	Triangles box={-0.00010621  ,0.15  ,-0.00469492  ,0.0132925  ,0.03998  ,0.06002  }
		3d-hash size is 109864 bytes
Hashing peculiar surfaces triangles
Mapped triangles processed in 0.010 s.
-----------------------------------------------------------------------
Getting sectors:
Number of sectors: 0
-----------------------------------------------------------------------
-----------------------------------------------------------------------

Current CPU = 0 sec

-----------------------------------------------------------------------
Mesh dimensions:
				I[0 ]=256
				I[1 ]=104
				I[2 ]=1

Comp. domain size:
				a[0  ]=-0.352824
				a[1  ]=0.461738
				a[2  ]=-0.209043
				a[3  ]=0.214224
				a[4  ]=0.04
				a[5  ]=0.06

Fluid calculated			1
Solid calculated			0
-----------------------------------------------------------------------
MESH Build started...
-----------------------------------------------------------------------
Mesh LEVEL = 1
-----------------------------------------------------------------------
Setting regions...OK (0.000 s)
Base mesh info------------------
	2D flag  =3
	Period   =[0, 0, 0]
	Nx=256
		x[0]=-0.352824
		x[1]=-0.335152
		x[2]=-0.318323
		x[3]=-0.302292
		x[4]=-0.287021
		x[5]=-0.272474
		x[6]=-0.258616
		x[7]=-0.245415
		x[8]=-0.232841
		x[9]=-0.220862
		x[10]=-0.209451
		x[11]=-0.198581
		x[12]=-0.188226
		x[13]=-0.178362
		x[14]=-0.168966
		x[15]=-0.160015
		x[16]=-0.151489
		x[17]=-0.143366
		x[18]=-0.135629
		x[19]=-0.128258
		x[20]=-0.121237
		x[21]=-0.114549
		x[22]=-0.108178
		x[23]=-0.102109
		x[24]=-0.096327
		x[25]=-0.0908195
		x[26]=-0.0855732
		x[27]=-0.0805755
		x[28]=-0.0758147
		x[29]=-0.0712796
		x[30]=-0.0669595
		x[31]=-0.0628442
		x[32]=-0.058924
		x[33]=-0.0551896
		x[34]=-0.0516323
		x[35]=-0.0482435
		x[36]=-0.0450154
		x[37]=-0.0419404
		x[38]=-0.0390111
		x[39]=-0.0362207
		x[40]=-0.0335625
		x[41]=-0.0310304
		x[42]=-0.0286182
		x[43]=-0.0263205
		x[44]=-0.0241316
		x[45]=-0.0220465
		x[46]=-0.0200603
		x[47]=-0.0181682
		x[48]=-0.0163658
		x[49]=-0.0146489
		x[50]=-0.0130133
		x[51]=-0.0114553
		x[52]=-0.00997113
		x[53]=-0.00855731
		x[54]=-0.00721052
		x[55]=-0.00592757
		x[56]=-0.00462697
		x[57]=-0.00332637
		x[58]=-0.00202577
		x[59]=-0.000725178
		x[60]=0.000575418
		x[61]=0.00187601
		x[62]=0.00317661
		x[63]=0.00447721
		x[64]=0.0057778
		x[65]=0.0070784
		x[66]=0.008379
		x[67]=0.00967959
		x[68]=0.0109802
		x[69]=0.0122808
		x[70]=0.0135814
		x[71]=0.014882
		x[72]=0.0161826
		x[73]=0.0174832
		x[74]=0.0187838
		x[75]=0.0200844
		x[76]=0.021385
		x[77]=0.0226856
		x[78]=0.0239862
		x[79]=0.0252867
		x[80]=0.0265873
		x[81]=0.0278879
		x[82]=0.0291885
		x[83]=0.0304891
		x[84]=0.0317897
		x[85]=0.0330903
		x[86]=0.0343909
		x[87]=0.0356915
		x[88]=0.0369921
		x[89]=0.0382927
		x[90]=0.0395933
		x[91]=0.0408939
		x[92]=0.0421945
		x[93]=0.0434951
		x[94]=0.0447957
		x[95]=0.0460963
		x[96]=0.0473969
		x[97]=0.0486975
		x[98]=0.0499981
		x[99]=0.0512987
		x[100]=0.0525993
		x[101]=0.0538999
		x[102]=0.0552005
		x[103]=0.0565011
		x[104]=0.0578017
		x[105]=0.0591022
		x[106]=0.0604028
		x[107]=0.0617034
		x[108]=0.063004
		x[109]=0.0643046
		x[110]=0.0656052
		x[111]=0.0669058
		x[112]=0.0682064
		x[113]=0.069507
		x[114]=0.0708076
		x[115]=0.0721082
		x[116]=0.0734088
		x[117]=0.0747094
		x[118]=0.07601
		x[119]=0.0773126
		x[120]=0.0786152
		x[121]=0.0799178
		x[122]=0.0812204
		x[123]=0.082523
		x[124]=0.0838256
		x[125]=0.0851281
		x[126]=0.0864307
		x[127]=0.0877333
		x[128]=0.0890359
		x[129]=0.0903385
		x[130]=0.0916411
		x[131]=0.0929437
		x[132]=0.0942463
		x[133]=0.0955489
		x[134]=0.0968515
		x[135]=0.0981541
		x[136]=0.0994567
		x[137]=0.100759
		x[138]=0.102062
		x[139]=0.103364
		x[140]=0.104667
		x[141]=0.10597
		x[142]=0.107272
		x[143]=0.108575
		x[144]=0.109877
		x[145]=0.11118
		x[146]=0.112483
		x[147]=0.113785
		x[148]=0.115088
		x[149]=0.11639
		x[150]=0.117693
		x[151]=0.118996
		x[152]=0.120298
		x[153]=0.121601
		x[154]=0.122903
		x[155]=0.124206
		x[156]=0.125508
		x[157]=0.126811
		x[158]=0.128114
		x[159]=0.129416
		x[160]=0.130719
		x[161]=0.132021
		x[162]=0.133324
		x[163]=0.134627
		x[164]=0.135929
		x[165]=0.137232
		x[166]=0.138534
		x[167]=0.139837
		x[168]=0.14114
		x[169]=0.142442
		x[170]=0.143745
		x[171]=0.145047
		x[172]=0.14635
		x[173]=0.147653
		x[174]=0.148955
		x[175]=0.150258
		x[176]=0.15156
		x[177]=0.152863
		x[178]=0.154166
		x[179]=0.155468
		x[180]=0.156771
		x[181]=0.158073
		x[182]=0.159376
		x[183]=0.160678
		x[184]=0.161981
		x[185]=0.163284
		x[186]=0.164586
		x[187]=0.165889
		x[188]=0.167191
		x[189]=0.168494
		x[190]=0.169797
		x[191]=0.171099
		x[192]=0.172402
		x[193]=0.173704
		x[194]=0.175007
		x[195]=0.17631
		x[196]=0.177612
		x[197]=0.178915
		x[198]=0.180217
		x[199]=0.18152
		x[200]=0.182823
		x[201]=0.184125
		x[202]=0.185428
		x[203]=0.18673
		x[204]=0.188033
		x[205]=0.189336
		x[206]=0.190638
		x[207]=0.191929
		x[208]=0.193285
		x[209]=0.194709
		x[210]=0.196204
		x[211]=0.197773
		x[212]=0.199422
		x[213]=0.201153
		x[214]=0.202971
		x[215]=0.20488
		x[216]=0.206884
		x[217]=0.208989
		x[218]=0.211199
		x[219]=0.21352
		x[220]=0.215958
		x[221]=0.218517
		x[222]=0.221205
		x[223]=0.224027
		x[224]=0.226991
		x[225]=0.230103
		x[226]=0.233371
		x[227]=0.236803
		x[228]=0.240406
		x[229]=0.244191
		x[230]=0.248164
		x[231]=0.252337
		x[232]=0.256719
		x[233]=0.26132
		x[234]=0.266152
		x[235]=0.271226
		x[236]=0.276554
		x[237]=0.282149
		x[238]=0.288024
		x[239]=0.294194
		x[240]=0.300673
		x[241]=0.307476
		x[242]=0.31462
		x[243]=0.322122
		x[244]=0.329999
		x[245]=0.338272
		x[246]=0.346958
		x[247]=0.35608
		x[248]=0.365659
		x[249]=0.375717
		x[250]=0.38628
		x[251]=0.397372
		x[252]=0.409019
		x[253]=0.42125
		x[254]=0.434093
		x[255]=0.44758
		x[256]=0.461738
	Ny=104
		y[0]=-0.209043
		y[1]=-0.197897
		y[2]=-0.187298
		y[3]=-0.177214
		y[4]=-0.167622
		y[5]=-0.158498
		y[6]=-0.149818
		y[7]=-0.141561
		y[8]=-0.133707
		y[9]=-0.126235
		y[10]=-0.119127
		y[11]=-0.112366
		y[12]=-0.105934
		y[13]=-0.0998151
		y[14]=-0.0939947
		y[15]=-0.0884579
		y[16]=-0.0831909
		y[17]=-0.0781806
		y[18]=-0.0734144
		y[19]=-0.0688804
		y[20]=-0.0645674
		y[21]=-0.0604645
		y[22]=-0.0565616
		y[23]=-0.0528488
		y[24]=-0.0493169
		y[25]=-0.0459572
		y[26]=-0.0427611
		y[27]=-0.0397208
		y[28]=-0.0368287
		y[29]=-0.0340774
		y[30]=-0.0314602
		y[31]=-0.0289706
		y[32]=-0.0266023
		y[33]=-0.0243493
		y[34]=-0.0222062
		y[35]=-0.0201675
		y[36]=-0.0182281
		y[37]=-0.0163832
		y[38]=-0.0146282
		y[39]=-0.0129587
		y[40]=-0.0113706
		y[41]=-0.0098599
		y[42]=-0.00842278
		y[43]=-0.00705569
		y[44]=-0.00575521
		y[45]=-0.0045181
		y[46]=-0.00324679
		y[47]=-0.00197549
		y[48]=-0.000704195
		y[49]=0.000567104
		y[50]=0.0018384
		y[51]=0.0031097
		y[52]=0.004381
		y[53]=0.0056523
		y[54]=0.0069236
		y[55]=0.0081949
		y[56]=0.00946619
		y[57]=0.0107375
		y[58]=0.0120088
		y[59]=0.0132801
		y[60]=0.0145086
		y[61]=0.0157995
		y[62]=0.0171562
		y[63]=0.0185818
		y[64]=0.0200798
		y[65]=0.0216541
		y[66]=0.0233084
		y[67]=0.0250468
		y[68]=0.0268736
		y[69]=0.0287933
		y[70]=0.0308106
		y[71]=0.0329305
		y[72]=0.0351582
		y[73]=0.0374991
		y[74]=0.0399591
		y[75]=0.0425442
		y[76]=0.0452607
		y[77]=0.0481153
		y[78]=0.0511151
		y[79]=0.0542674
		y[80]=0.05758
		y[81]=0.061061
		y[82]=0.0647191
		y[83]=0.0685631
		y[84]=0.0726026
		y[85]=0.0768475
		y[86]=0.0813082
		y[87]=0.0859957
		y[88]=0.0909216
		y[89]=0.096098
		y[90]=0.101538
		y[91]=0.107254
		y[92]=0.11326
		y[93]=0.119573
		y[94]=0.126206
		y[95]=0.133176
		y[96]=0.140501
		y[97]=0.148199
		y[98]=0.156287
		y[99]=0.164787
		y[100]=0.17372
		y[101]=0.183106
		y[102]=0.19297
		y[103]=0.203335
		y[104]=0.214224
	Nz=1
		z[0]=0.04
		z[1]=0.06
End of base mesh info---------
Input_mesh_settings--------------------------------
Settings 0----------------
	Scope: GLOBAL
	Type:	------MESHER_SETTINGS----------
	RefAllCells           =0
	RefFluidCells         =0
	RefPartCells          =0
	RefSolidCells         =0
	l_SSFR(Capture crit)  =1
	l_curv(Curvature crit)=0
	l_tol(Tolerance crit) =0
	UseChannelRef         =1
	  NCR_method          =0
	  l_NCR               =1
	  N_gap               =14
	  Use d_NCR_min       =0
	  Use d_NCR_max       =0
	IgnoreThinChannelsHeight         =0
	--END_OF_MESHER_SETTINGS-------
Settings 1----------------
	Scope: SURFACE
	Type:	------MESHER_SETTINGS----------
	RefAllCells           =0
	RefFluidCells         =0
	RefPartCells          =0
	RefSolidCells         =0
	l_SSFR(Capture crit)  =1
	l_curv(Curvature crit)=0
	l_tol(Tolerance crit) =0
	UseChannelRef         =1
	  NCR_method          =0
	  l_NCR               =1
	  N_gap               =14
	  Use d_NCR_min       =0
	  Use d_NCR_max       =0
	IgnoreThinChannelsHeight         =0
	Distance-level settings ON
	Distance-level settings count 1
	  Distance-level settings pair: {level=1, dist=0.004}
	--END_OF_MESHER_SETTINGS-------
End of input mesh settings-------------------------

-----------------------------------------------------------------------
Building geometries:
-----------------------------------------------------------------------
Building body-set (0) of geometry Fluid.0.(0). ...

-----------------------------------------------------------------------
Refining by triangulation...
Refinement input: 26624 bricks
Setting regions...OK (0.000 s)
Refinement result: 26631 bricks (0.002 s)
Refinement input: 26631 bricks
Refinement result: 26631 bricks (0.000 s)
Collecting and processing rays...OK (0.033 s)
Capturing...OK (0.001 s)
Refining by triangulation takes 0.038 s
-----------------------------------------------------------------------

-----------------------------------------------------------------------
Refining peculiar surfaces...
0 surfaces refined
Refining peculiar surfaces takes 0 s
-----------------------------------------------------------------------
Collecting and processing rays...OK (0.000 s)
Capturing...OK (0.000 s)
Collecting and processing rays...OK (0.000 s)
Capturing...OK (0.000 s)
Collecting and processing rays...OK (0.000 s)
Capturing...OK (0.000 s)

-----------------------------------------------------------------------
Base mesh 1 Refining...
Refinement input: 26631 bricks
Refinement result: 26631 bricks (0.000 s)
Collecting and processing rays...OK (0.000 s)
Capturing...OK (0.000 s)
-----------------------------------------------------------------------
Refining channels...
FYI: CNarrowChannelRefiner::RefineChannels_PRLL
FYI: m_iteration_count = 0
FYI: level1 statistics:
     level1_cnt_plus[1]=0;		level1_cnt_minus[1]=0
     level1_cnt_plus[2]=0;		level1_cnt_minus[2]=0
     level1_cnt_plus[3]=0;		level1_cnt_minus[3]=0
     level1_cnt_plus[4]=0;		level1_cnt_minus[4]=0
     level1_cnt_plus[5]=0;		level1_cnt_minus[5]=0
     level1_cnt_plus[6]=0;		level1_cnt_minus[6]=0
     level1_cnt_plus[7]=0;		level1_cnt_minus[7]=0
     level1_cnt_plus[8]=0;		level1_cnt_minus[8]=0
     level1_cnt_plus[9]=0;		level1_cnt_minus[9]=0
FYI: level1 statistics:
     level1_cnt_plus[1]=0;		level1_cnt_minus[1]=0
     level1_cnt_plus[2]=0;		level1_cnt_minus[2]=0
     level1_cnt_plus[3]=0;		level1_cnt_minus[3]=0
     level1_cnt_plus[4]=0;		level1_cnt_minus[4]=0
     level1_cnt_plus[5]=0;		level1_cnt_minus[5]=0
     level1_cnt_plus[6]=0;		level1_cnt_minus[6]=0
     level1_cnt_plus[7]=0;		level1_cnt_minus[7]=0
     level1_cnt_plus[8]=0;		level1_cnt_minus[8]=0
     level1_cnt_plus[9]=0;		level1_cnt_minus[9]=0

-----------------------------------------------------------------------
U-shapes refinement...
Refinement input: 26631 bricks
Setting regions...OK (0.000 s)
Refinement result: 26645 bricks (0.002 s)
Collecting and processing rays...OK (0.001 s)
Capturing...OK (0.000 s)
-----------------------------------------------------------------------

-----------------------------------------------------------------------
Equi Distant Refiner:
- Object 0 refiner:
Marking bricks(2705) (distance calculation, calls=1703) takes 0.00 s
Refinement input: 26645 bricks
Setting regions...OK (0.000 s)
Refinement result: 32854 bricks (0.002 s)
Collecting and processing rays...OK (0.004 s)
Capturing...OK (0.000 s)
Marking bricks(7096) (distance calculation, calls=0) takes 0.00 s
Refinement input: 32854 bricks
Setting regions...OK (0.000 s)
Refinement result: 32854 bricks (0.001 s)
Collecting and processing rays...OK (0.000 s)
Capturing...OK (0.000 s)
- Object 0 refiner takes 0.01 s
Equi Distant Refiner takes 0.01 s
-----------------------------------------------------------------------
Building geometry takes 0.062 s
Geometry Fluid.0.
Total		32854
Partial	1040
Fluid		30336
Solid		1478
Bad		0

/-Ray Intersection---------------/ Time	0.059 s
Calls			1294
CorrectRay Calls	0



-----------------------------------------------------------------------
Building geometries takes 0.062 s
-----------------------------------------------------------------------

-----------------------------------------------------------------------
PostBuilding geometries:
-----------------------------------------------------------------------
PostBuilding body-set (0) geometry Fluid.0. (0)...
Collecting and processing rays...OK (0.000 s)
Capturing...OK (0.000 s)
PostBuilding geometry takes 0.000 s
Geometry Fluid.0.
Total		32854
Partial	1040
Fluid		30336
Solid		1478
Bad		0

-----------------------------------------------------------------------
PostBuilding geometries takes 0.001 s
-----------------------------------------------------------------------

-----------------------------------------------------------------------
Check for symmetry in 2D plane (iteration=0)...
Refinement input: 32854 bricks
Refinement result: 32854 bricks (0.000 s)
Collecting and processing rays...OK (0.000 s)
Capturing...OK (0.000 s)
-----------------------------------------------------------------------
Defect ray count	0
FYI: CNarrowChannelRefiner::RedistributeLevel1_step_1: is finished
FYI: level1 statistics:
     level1_cnt_plus[1]=7096;		level1_cnt_minus[1]=0
     level1_cnt_plus[2]=0;		level1_cnt_minus[2]=0
     level1_cnt_plus[3]=0;		level1_cnt_minus[3]=0
     level1_cnt_plus[4]=0;		level1_cnt_minus[4]=0
     level1_cnt_plus[5]=0;		level1_cnt_minus[5]=0
     level1_cnt_plus[6]=0;		level1_cnt_minus[6]=0
     level1_cnt_plus[7]=0;		level1_cnt_minus[7]=0
     level1_cnt_plus[8]=0;		level1_cnt_minus[8]=0
     level1_cnt_plus[9]=0;		level1_cnt_minus[9]=0
FYI: CNarrowChannelRefiner::RedistributeLevel1_step_2: is started
FYI: CNarrowChannelRefiner::RedistributeLevel1_step_2: is finished
FYI: level1 statistics:
     level1_cnt_plus[1]=7096;		level1_cnt_minus[1]=0
     level1_cnt_plus[2]=0;		level1_cnt_minus[2]=0
     level1_cnt_plus[3]=0;		level1_cnt_minus[3]=0
     level1_cnt_plus[4]=0;		level1_cnt_minus[4]=0
     level1_cnt_plus[5]=0;		level1_cnt_minus[5]=0
     level1_cnt_plus[6]=0;		level1_cnt_minus[6]=0
     level1_cnt_plus[7]=0;		level1_cnt_minus[7]=0
     level1_cnt_plus[8]=0;		level1_cnt_minus[8]=0
     level1_cnt_plus[9]=0;		level1_cnt_minus[9]=0
FYI: CNarrowChannelRefiner::RedistributeLevel1_step_3: is started
FYI: CNarrowChannelRefiner::RedistributeLevel1_step_3: is finished
RedistributeLevel1 takes:
FYI: level1 statistics:
     level1_cnt_plus[1]=7096;		level1_cnt_minus[1]=22
     level1_cnt_plus[2]=0;		level1_cnt_minus[2]=0
     level1_cnt_plus[3]=0;		level1_cnt_minus[3]=0
     level1_cnt_plus[4]=0;		level1_cnt_minus[4]=0
     level1_cnt_plus[5]=0;		level1_cnt_minus[5]=0
     level1_cnt_plus[6]=0;		level1_cnt_minus[6]=0
     level1_cnt_plus[7]=0;		level1_cnt_minus[7]=0
     level1_cnt_plus[8]=0;		level1_cnt_minus[8]=0
     level1_cnt_plus[9]=0;		level1_cnt_minus[9]=0
-----------------------------------------------------------------------
MSH format builder (Iteration 0)
-----------------------------------------------------------------------
Memory Working Set Current = 37.02 Mb, Memory Working Set Peak = 37.86 Mb
Process Threads Number: 29
-----------------------------------------------------------------------
Loading geometries triangulation & x-stacks...OK
x-stacks size = 0.41 Mb
Total bricks count: 32854
-----------------------------------------------------------------------
MSH (Real Geometry) format constructor:
	Getting brick sets...OK (0.001 s)
	Min x-stack xeps = 0.000404988
	D / dh / eps [axis=0] = (0.814562, 0.000650298, 6.50298e-07)
	D / dh / eps [axis=1] = (0.423267, 0.00061424, 6.1424e-07)
	D / dh / eps [axis=2] = (0.02, 0.01, 1e-05)
	Time (xeps): 0.000 s
Level 1
	Set (0)  size: 3560
	Set (0)  time: 0.007 s
	Set (1)  size: 3560
	Set (1)  time: 0.003 s
Level 0
	Set (0)  size: 12868
	Set (0)  time: 0.002 s
	Set (1)  size: 12866
	Set (1)  time: 0.002 s
Result:
	Bricks number:                        32854

	Memory usage:                         0.731 MB
	Memory usage (per brick):             0.023 KB
	Construction time:                    0.015 s

	Topology features:
	------------------
	- High quality bricks                 100.00 % (32854)
	- Medium quality bricks                 0.00 % (0)
	- Bad quality bricks                    0.00 % (0)
	- Ribs corrected bricks                 0.00 % (0)
	- Points with geom-info (bricks)        0.00 % (0)
	- Points with closest-info (bricks)     0.00 % (0)
	- Triangulated by center (bricks)       0.00 % (0)
	- Facet w-faces mergings (bricks)       0.00 % (0)
	- To refine (bricks)                    0.00 % (0)

-----------------------------------------------------------------------
Memory Working Set Current = 61.16 Mb, Memory Working Set Peak = 61.16 Mb
Process Threads Number: 29
-----------------------------------------------------------------------
-----------------------------------------------------------------------
-----------------------------------------------------------------------
MSH --> BCF format (Iteration 0)...
BCF collector...(remove mode=0)
	Time (alloc counter per brick): 0.001 s
	Brick    count: 32854
	Av.f all count: 31376
	Av.s all count: 2518
	Av.f pid count: 1040
	Av.s pid count: 1040
	Faces fs count: 1040
	Faces ff count: 0
	Faces ss count: 0
	Faces bb count: 0
	Faces fe count: 56852
	Faces se count: 3496
	Faces fw count: 61388
	Faces af count: 65612
	Faces as count: 5657
	Time (all count): 	0.001 s
	Time (bcf alloc): 	0.001 s
	Time (shifts alloc): 	0.001 s
	Time (shifts init): 	0.001 s
	Time (bcf fill): 	0.002 s
	Time (add av to faces): 0.000 s
	Time (add faces to av): 0.002 s
Time (bcf collect): 		0.010 s
	AV checker...
	Time (check av): 	0.003 s
	Subdomain checker...
		Subdomains construction time: 0.002 s.
		Subdomains sort time: 0.000 s.
			Subdomain 0 (geom_ind=0): 31376 av
			Subdomain 1 (geom_ind=1): 2518 av
		gi: 0, subdomains: 1, real bodies: 1
		gi: 1, subdomains: 1, real bodies: 0
		Defect subdomains: 0
	Time (check subdoms): 	0.003 s
Time (bcf iteration total): 	0.016 s
	Time (fw-nb): 		0.001 s
	Fixed mutual fw-nb:     4 (bb: 0)
	Time (fw-nb mutual): 	0.005 s
	Time (fw-nb sort): 	0.000 s
	Time (fw-nb): 		0.006 s
	Fixed mutual fw-nb:     119790 (bb: 0)
	Time (fw-nb mutual): 	0.005 s
	Time (fw-nb sort): 	0.001 s
	Time (rfd fix): 	0.000 s
	Time (av convexity): 	0.000 s
	Time (av small volume): 0.000 s
	Fluid subdomains: 1
	Faces fw-nb diff sd:    0
	Time (fw-nb diff sd): 	0.003 s
Time (bcf calc): 		0.025 s
-----------------------------------------------------------------------
Time (bcf total): 		0.041 s
-----------------------------------------------------------------------
-----------------------------------------------------------------------
Mega-cv constructor for fluid...
2D generator ...OK
Convert clusters:
	 3310 mega-cv's total
	 0 av's is treated as thin
Relative size generator (threshold = 0.05)...
	Iteration 1 (small cluster count = 24)
	Iteration 2 (small cluster count = 4)
	Iteration 3 (small cluster count = 0)
	 3310 mega-cv's generated
	 24 mega-cv's removed
Relative size generator is completed OK (0.001 s)
Apply fa-rules to mega-cv clusters fixes...
OK (0.001 s)
Convert clusters:
	 3286 mega-cv's total
Mega-cv count: 3286
Time (mega-cv fill): 	0.002 s
Time (mega-cv total): 	0.012 s
-----------------------------------------------------------------------
Mixing plane rotation regions: NO.
Sliding mesh rotation regions: NO.
Fluid/fluid faces: NO.
----------------------------------------------------------
BCF --> BCF.GEOMSUBDOM (bridge arrays):
MESH (0):
	Fluid Subdom Constructor: 1 subdom(s).
	Solid Subdom Constructor: 1 subdom(s).
	Net Asm Subdom Constructor: 0 subdom(s).
	GEOMSUBDOM (0): gi=0 fluid av=31376 cv=28042 fa=65612 fb=0 fw=57892 V=6.859036e-03
	Cache data...OK
	GEOMSUBDOM (1): gi=1 solid av=2518 cv=2518 fa=5657 fb=0 fw=4536 V=3.650648e-05
	Cache data...OK
	Setting nb of w-faces...OK (0.002 s).
	Correcting nb of w-faces...
	Time(correct_fw_nb)=0.001 s

MESH (0) checking:
	GEOMSUBDOM (0):fa_s=3.8205108143441500 fb_s=0.0000000000000000 fw_s=0.7415328481558608 fw_nb=226144
	              :d_const(7505)=1.2394e-16 d_linear(16844)=7.15641e-14
	GEOMSUBDOM (1):fa_s=0.0635330534493282 fb_s=0.0000000000000000 fw_s=0.0097667600967910 fw_nb=15516
	              :d_const(1774)=1.03497e-16 d_linear(1304)=3.86014e-12
MESH (0) checking: OK.
Time (MDS): 	0.027 s
----------------------------------------------------------

-----------------------------------------------------------------------
BCF CHECKSUM DATA (Mesh 0):

BRICK |Level1| Sum:               7118
FACE_A Area Sum:   G.Fluid        3.8205108143441495
FACE_A Area Sum:   G.Solid        0.0635330534493283
FACE_W Area Sum:                  0.7451834963944290
FACE_W Nb   Sum:                  239580
FACE_W min curvatures sum:        -329.97615396
FACE_W max curvatures sum:        24744.06473381
AV Max Disbalance(Const) :        1.23751e-16 (cid=19954, t={183, 117, 0}, avid=18537, pid=939)
AV Max Disbalance(Linear):        3.86014e-12 (cid=20686, t={194, 118, 1}, avid=33893, pid=1039)
-----------------------------------------------------------------------


-----------------------------------------------------------------------
MESHER TOPOLOGY DATA:

BRICKS: Total                 32854
BRICKS: 1-CV                  31814
BRICKS: 2-CV                  1040
BRICKS: Bad                   0

AV:     G.Total               33894
AV:     G.Fluid               31376
AV:     G.Solid               2518

AV:     G.Fluid Thin Profile    0.00 % (0)
AV:     G.Solid Thin Profile    0.00 % (0)

AV:     G.Fluid Thin For Mega   0.00 % (0)
AV:     G.Solid Thin For Mega   0.00 % (0)

AV:     G.Fluid Non-Convex      0.00 % (0)
AV:     G.Solid Non-Convex      0.00 % (0)

AV:     G.Fluid Non-Ess-Convex      0.00 % (0)
AV:     G.Solid Non-Ess-Convex      0.00 % (0)

FACE_A: G.Fluid          (af) 65612 (partially opened 1560)
FACE_A: G.Solid          (as) 5657 (partially opened 1560)

FACE_B: G.Total          (b)  0

FACE_W: G.Total                 61388       Brick/Bound
FACE_W: G.Fluid/Solid    (fs_g) 1040        0           
FACE_W: G.Fluid/Fluid    (ff_g) 0           0           
FACE_W: G.Solid/Solid    (ss_g) 0           0           
FACE_W: G.Fluid/External (fe_g) 56852
FACE_W: G.Solid/External (se_g) 3496

AV/CV max fa count (on brick side):4
AV/CV max fw count:                4
AV/CV max fb count:                0
AV/CV max fw poly count:           8

MEMORY: Total                   15.516 MB
MEMORY: Per Brick               0.484 KB
-----------------------------------------------------------------------

-----------------------------------------------------------------------
Connectivities information:
	Number of conns: 0
-----------------------------------------------------------------------
	Time (gap size): 	0.006 s
-----------------------------------------------------------------------
Calculating curvature and tolerance criteria...
Curvature: min=0 max=2.18615
Tolerance: min=0 max=0.00011131
Calculating curvature and tolerance criteria takes 0.002 s
-----------------------------------------------------------------------
MESH Build(FS) finished. Time=0.217 s
-----------------------------------------------------------------------
Current CPU = 0 sec

Nx=256
Ny=104
Nz=1
Max BRICK Level=1
Mesh Level=1
-----------------CModelBodies2MeshMapper::CollectData started -------------------------------
-----------------CModelBodies2MeshMapper Report -------------------------------
FluidDomains 1 SolidDomains 1 VoidDomains 0 
Domains RefIndexes
Domain 0, Index count 1
Domain 1, Index count 1
----------------- -------------------------------
	ModelBodies
Total resolved Bodies 0 BodySets 0

--------------------------------------------------------------------------
	Positive geometry Bodies
Total resolved Bodies 1 BodySets 1
BodySet 0
	Bodies list:
			#0	Name: ;	ID: 6842ecf3-0695-4221-8117-56494797f455
	Domains list:		 0 

--------------------------------------------------------------------------
	Fluid regions
Total resolved Bodies 1 BodySets 1
BodySet 0	Material: Water; 
	Bodies list:
			#0	Name: ;	ID: 6842ecf3-0695-4221-8117-56494797f455
	Domains list:		 0 

--------------------------------------------------------------------------
-----------------CModelBodies2MeshMapper::CollectData finished successfully-------------------
Saving initial mesh in: C:\PHYSTECH\Books\SOLID\Занятие 4\7\7.fld .
Storing results...
Estimated CPT size=5.594 MB.
	Time (write bcf): 0.114 s
OK
-----------------------------------------------------------------------
Memory Working Set Current = 82.00 Mb, Memory Working Set Peak = 82.00 Mb
Process Threads Number: 29
-----------------------------------------------------------------------
Cleaning memory...
		Time (free xsl):                    	0.000 s
Free Geometry DB takes 0.000 s
	Time (free bcf): 	0.005 s
		Time (free bcf mesh):               	0.011 s
	Time (free mesher data):              	0.012 s
Copying... OK
Mesh generation normally finished at	22.10.2024	21:59:53
Mesher CPU = 0 sec
Mesher is finished at	22.10.2024	21:59:53
-----------------------------------------------------------------------
Memory Working Set Current = 41.59 Mb, Memory Working Set Peak = 82.57 Mb
Process Threads Number: 29
-----------------------------------------------------------------------
Algebra Pool      : mem_usage = 1.12 Mb, allocated count = 0
Log ended at 22.10.2024	21:59:53
