Log started at 20.10.2024	21:44:21
Number of used processors (NPROC): 12.
Number of mesh partitions (NPART): 12.
Total Physical Memory = 15.73 Gb, Available Physical Memory = 8.40 Gb
Computer name:	DESKTOP-A3HMU9V
Operating system:	Windows 10 (or higher) (Version 10.0.19045)

SOLIDWORKS 2020 SP4.0
Flow Simulation 2020  x64 / 4995 / MESHER ver. efd_dev.4663_05.07.2019 

Project: C:\PHYSTECH\Books\SOLID\Занятие 4\3\3.xmlconfig
Configuration name: По умолчанию
Project name: Re 1
NGK: OFF
MBO: OFF

Mesh generation started:	20.10.2024	21:44:21
-----------------------------------------------------------------------
Mesher option run = eRunMesherNormal
-----------------------------------------------------------------------
Current CPU = 0 sec
-----------------------------------------------------------------------
Geometries initialization:
-----------------------------------------------------------------------
Loading mesh settings (global/local)...
-----------------------------------------------------------------------
Number of geometries from DB: 1
Geometry(0):
	Guid = {00000000-0000-0000-0000-000000000000}
	Fluid..
	1 Body.
	1 Real body.
	-- Bodyset 0 --
		Tolerance=3.31662e-06.
		4 Face(s).
			4 of b-spline type.
		0 Face(s) that have no ref faces
		2 Plane surface(s).
		2 Cylinder surface(s).
		444 Triangle(s).
		Getting triangle connectivities from DB: 0.000 s
		6 Edge(s).
			6 of b-spline type.
		BodyGeom reading: 0.004 s.
		2 Reference Face(s).
		224 Reference Triangles.
		Getting triangle connectivities from DB (Ref): 0.000 s
		BodyGeom Ref reading: 0.000 s.
		Getting triangle connectivities from DB (Extra Triangulation): 0.000 s
Geometry(1):
	Solid.
	-- Bodyset 1 --
	Empty
-----------------------------------------------------------------------
Number of geometries in task: 2
Number of bodysets   in task: 2
-----------------------------------------------------------------------
	Making hash and connectivity for Bodyset ...
		CBodyGeom:
		Hash size: {1, 96, 114}.
		Mesh size: {1, 96, 114}.
		Hashing triangles...Ok.
			axis(0) tr sizes: average=4 max=26
			axis(1) tr sizes: average=19 max=34
			axis(2) tr sizes: average=156 max=228
		Number of t-connected sets:1
			(0) size=444
		Done.
		CBodyGeomRef:
		Hashing triangles...Ok.
			axis(0) tr sizes: average=2 max=4
			axis(1) tr sizes: average=5 max=8
			axis(2) tr sizes: average=6 max=20
		Done.
	0.0137 s.
Geometries reading and preparing has taken 0.020 s.

Mapped triangles:
Hashing mesh regions data
	Triangles num=100
	Triangles box={-0.005  ,0.005  ,-0.00499172  ,0.00499172  ,-0.03  ,0  }
		3d-hash size is 44384 bytes
Hashing geometries triangles
	Triangles num=444
	Triangles box={-0.001011  ,0.001011  ,-0.005  ,0.005  ,-0.03  ,0  }
		3d-hash size is 45016 bytes
Hashing peculiar surfaces triangles
Mapped triangles processed in 0.015 s.
-----------------------------------------------------------------------
Getting sectors:
Number of sectors: 0
-----------------------------------------------------------------------
-----------------------------------------------------------------------

Current CPU = 0 sec

-----------------------------------------------------------------------
Mesh dimensions:
				I[0 ]=1
				I[1 ]=96
				I[2 ]=114

Comp. domain size:
				a[0  ]=-0.001
				a[1  ]=0.001
				a[2  ]=-0.3
				a[3  ]=0.3
				a[4  ]=-0.45
				a[5  ]=0.45

Fluid calculated			1
Solid calculated			0
-----------------------------------------------------------------------
MESH Build started...
-----------------------------------------------------------------------
Mesh LEVEL = 2
-----------------------------------------------------------------------
Setting regions...OK (0.000 s)
Base mesh info------------------
	2D flag  =1
	Period   =[0, 0, 0]
	Nx=1
		x[0]=-0.001
		x[1]=0.001
	Ny=96
		y[0]=-0.3
		y[1]=-0.284153
		y[2]=-0.269067
		y[3]=-0.254701
		y[4]=-0.241021
		y[5]=-0.227994
		y[6]=-0.215589
		y[7]=-0.203777
		y[8]=-0.192529
		y[9]=-0.181817
		y[10]=-0.171617
		y[11]=-0.161904
		y[12]=-0.152655
		y[13]=-0.143848
		y[14]=-0.135461
		y[15]=-0.127474
		y[16]=-0.119869
		y[17]=-0.112627
		y[18]=-0.105731
		y[19]=-0.0991638
		y[20]=-0.0929103
		y[21]=-0.0869555
		y[22]=-0.081285
		y[23]=-0.0758852
		y[24]=-0.0707432
		y[25]=-0.0658468
		y[26]=-0.0611842
		y[27]=-0.0567441
		y[28]=-0.0525161
		y[29]=-0.04849
		y[30]=-0.0446561
		y[31]=-0.0410052
		y[32]=-0.0375287
		y[33]=-0.0342182
		y[34]=-0.0310657
		y[35]=-0.0280638
		y[36]=-0.0252052
		y[37]=-0.0224831
		y[38]=-0.0198909
		y[39]=-0.0174225
		y[40]=-0.015072
		y[41]=-0.0128337
		y[42]=-0.0107023
		y[43]=-0.00867269
		y[44]=-0.00673995
		y[45]=-0.0048995
		y[46]=-0.00326622
		y[47]=-0.00163289
		y[48]=4.43865e-07
		y[49]=0.00163378
		y[50]=0.00326711
		y[51]=0.00490044
		y[52]=0.00674104
		y[53]=0.00867389
		y[54]=0.0107037
		y[55]=0.0128352
		y[56]=0.0150736
		y[57]=0.0174243
		y[58]=0.0198928
		y[59]=0.022485
		y[60]=0.0252073
		y[61]=0.0280661
		y[62]=0.0310681
		y[63]=0.0342208
		y[64]=0.0375314
		y[65]=0.0410081
		y[66]=0.0446591
		y[67]=0.0484932
		y[68]=0.0525195
		y[69]=0.0567477
		y[70]=0.0611879
		y[71]=0.0658507
		y[72]=0.0707474
		y[73]=0.0758895
		y[74]=0.0812895
		y[75]=0.0869602
		y[76]=0.0929152
		y[77]=0.0991689
		y[78]=0.105736
		y[79]=0.112633
		y[80]=0.119875
		y[81]=0.12748
		y[82]=0.135467
		y[83]=0.143854
		y[84]=0.152662
		y[85]=0.161911
		y[86]=0.171624
		y[87]=0.181824
		y[88]=0.192536
		y[89]=0.203785
		y[90]=0.215597
		y[91]=0.228002
		y[92]=0.241029
		y[93]=0.254709
		y[94]=0.269075
		y[95]=0.284162
		y[96]=0.3
	Nz=114
		z[0]=-0.45
		z[1]=-0.427902
		z[2]=-0.406865
		z[3]=-0.386834
		z[4]=-0.36776
		z[5]=-0.349598
		z[6]=-0.332303
		z[7]=-0.315836
		z[8]=-0.300155
		z[9]=-0.285224
		z[10]=-0.271007
		z[11]=-0.257469
		z[12]=-0.244578
		z[13]=-0.232303
		z[14]=-0.220615
		z[15]=-0.209485
		z[16]=-0.198888
		z[17]=-0.188797
		z[18]=-0.179188
		z[19]=-0.170039
		z[20]=-0.161326
		z[21]=-0.153031
		z[22]=-0.145131
		z[23]=-0.13761
		z[24]=-0.130447
		z[25]=-0.123627
		z[26]=-0.117134
		z[27]=-0.11095
		z[28]=-0.105062
		z[29]=-0.0994553
		z[30]=-0.0941167
		z[31]=-0.0890332
		z[32]=-0.0841927
		z[33]=-0.0795836
		z[34]=-0.0751947
		z[35]=-0.0710156
		z[36]=-0.0670362
		z[37]=-0.0632471
		z[38]=-0.059639
		z[39]=-0.0562034
		z[40]=-0.052932
		z[41]=-0.0498169
		z[42]=-0.0468508
		z[43]=-0.0440264
		z[44]=-0.041337
		z[45]=-0.0387761
		z[46]=-0.0363376
		z[47]=-0.0340157
		z[48]=-0.0318048
		z[49]=-0.0296995
		z[50]=-0.0275995
		z[51]=-0.0254995
		z[52]=-0.0233995
		z[53]=-0.0212995
		z[54]=-0.0191995
		z[55]=-0.0170995
		z[56]=-0.0149995
		z[57]=-0.0128995
		z[58]=-0.0107995
		z[59]=-0.00869952
		z[60]=-0.00659952
		z[61]=-0.00449952
		z[62]=-0.00239952
		z[63]=-0.000299517
		z[64]=0.0017765
		z[65]=0.00395523
		z[66]=0.00624171
		z[67]=0.00864127
		z[68]=0.0111595
		z[69]=0.0138023
		z[70]=0.0165758
		z[71]=0.0194865
		z[72]=0.0225411
		z[73]=0.0257468
		z[74]=0.029111
		z[75]=0.0326416
		z[76]=0.0363468
		z[77]=0.0402353
		z[78]=0.0443161
		z[79]=0.0485988
		z[80]=0.0530932
		z[81]=0.0578099
		z[82]=0.0627599
		z[83]=0.0679547
		z[84]=0.0734065
		z[85]=0.0791279
		z[86]=0.0851322
		z[87]=0.0914335
		z[88]=0.0980464
		z[89]=0.104986
		z[90]=0.11227
		z[91]=0.119913
		z[92]=0.127935
		z[93]=0.136353
		z[94]=0.145187
		z[95]=0.154459
		z[96]=0.164189
		z[97]=0.1744
		z[98]=0.185116
		z[99]=0.196362
		z[100]=0.208165
		z[101]=0.220551
		z[102]=0.23355
		z[103]=0.247192
		z[104]=0.261508
		z[105]=0.276532
		z[106]=0.2923
		z[107]=0.308847
		z[108]=0.326213
		z[109]=0.344437
		z[110]=0.363563
		z[111]=0.383635
		z[112]=0.404699
		z[113]=0.426806
		z[114]=0.45
End of base mesh info---------
Input_mesh_settings--------------------------------
Settings 0----------------
	Scope: GLOBAL
	Type:	------MESHER_SETTINGS----------
	RefAllCells           =0
	RefFluidCells         =0
	RefPartCells          =0
	RefSolidCells         =0
	l_SSFR(Capture crit)  =1
	l_curv(Curvature crit)=0
	l_tol(Tolerance crit) =1
	  k_tol               =0.0025
	UseChannelRef         =1
	  NCR_method          =0
	  l_NCR               =2
	  N_gap               =14
	  Use d_NCR_min       =0
	  Use d_NCR_max       =0
	IgnoreThinChannelsHeight         =0
	--END_OF_MESHER_SETTINGS-------
Settings 1----------------
	Scope: SURFACE
	Type:	------MESHER_SETTINGS----------
	RefAllCells           =0
	RefFluidCells         =0
	RefPartCells          =0
	RefSolidCells         =0
	l_SSFR(Capture crit)  =1
	l_curv(Curvature crit)=0
	l_tol(Tolerance crit) =0
	UseChannelRef         =1
	  NCR_method          =0
	  l_NCR               =1
	  N_gap               =14
	  Use d_NCR_min       =0
	  Use d_NCR_max       =0
	IgnoreThinChannelsHeight         =0
	Distance-level settings ON
	Distance-level settings count 1
	  Distance-level settings pair: {level=1, dist=0.004}
	--END_OF_MESHER_SETTINGS-------
End of input mesh settings-------------------------

-----------------------------------------------------------------------
Building geometries:
-----------------------------------------------------------------------
Building body-set (0) of geometry Fluid.0.(0). ...

-----------------------------------------------------------------------
Refining by triangulation...
Refinement input: 10944 bricks
Refinement result: 10944 bricks (0.000 s)
Refinement input: 10944 bricks
Refinement result: 10944 bricks (0.000 s)
Collecting and processing rays...OK (0.015 s)
Capturing...OK (0.001 s)
Refining by triangulation takes 0.017 s
-----------------------------------------------------------------------

-----------------------------------------------------------------------
Refining peculiar surfaces...
0 surfaces refined
Refining peculiar surfaces takes 0 s
-----------------------------------------------------------------------
Collecting and processing rays...OK (0.000 s)
Capturing...OK (0.000 s)
Collecting and processing rays...OK (0.000 s)
Capturing...OK (0.000 s)
Collecting and processing rays...OK (0.000 s)
Capturing...OK (0.000 s)

-----------------------------------------------------------------------
Base mesh 1 Refining...
Refinement input: 10944 bricks
Refinement result: 10944 bricks (0.000 s)
Collecting and processing rays...OK (0.000 s)
Capturing...OK (0.000 s)
-----------------------------------------------------------------------
Refining channels...
FYI: CNarrowChannelRefiner::RefineChannels_PRLL
FYI: m_iteration_count = 0
FYI: level1 statistics:
     level1_cnt_plus[1]=0;		level1_cnt_minus[1]=0
     level1_cnt_plus[2]=0;		level1_cnt_minus[2]=0
     level1_cnt_plus[3]=0;		level1_cnt_minus[3]=0
     level1_cnt_plus[4]=0;		level1_cnt_minus[4]=0
     level1_cnt_plus[5]=0;		level1_cnt_minus[5]=0
     level1_cnt_plus[6]=0;		level1_cnt_minus[6]=0
     level1_cnt_plus[7]=0;		level1_cnt_minus[7]=0
     level1_cnt_plus[8]=0;		level1_cnt_minus[8]=0
     level1_cnt_plus[9]=0;		level1_cnt_minus[9]=0
FYI: m_iteration_count = 1
FYI: level1 statistics:
     level1_cnt_plus[1]=0;		level1_cnt_minus[1]=0
     level1_cnt_plus[2]=0;		level1_cnt_minus[2]=0
     level1_cnt_plus[3]=0;		level1_cnt_minus[3]=0
     level1_cnt_plus[4]=0;		level1_cnt_minus[4]=0
     level1_cnt_plus[5]=0;		level1_cnt_minus[5]=0
     level1_cnt_plus[6]=0;		level1_cnt_minus[6]=0
     level1_cnt_plus[7]=0;		level1_cnt_minus[7]=0
     level1_cnt_plus[8]=0;		level1_cnt_minus[8]=0
     level1_cnt_plus[9]=0;		level1_cnt_minus[9]=0
FYI: level1 statistics:
     level1_cnt_plus[1]=0;		level1_cnt_minus[1]=0
     level1_cnt_plus[2]=0;		level1_cnt_minus[2]=0
     level1_cnt_plus[3]=0;		level1_cnt_minus[3]=0
     level1_cnt_plus[4]=0;		level1_cnt_minus[4]=0
     level1_cnt_plus[5]=0;		level1_cnt_minus[5]=0
     level1_cnt_plus[6]=0;		level1_cnt_minus[6]=0
     level1_cnt_plus[7]=0;		level1_cnt_minus[7]=0
     level1_cnt_plus[8]=0;		level1_cnt_minus[8]=0
     level1_cnt_plus[9]=0;		level1_cnt_minus[9]=0

-----------------------------------------------------------------------
U-shapes refinement...
Refinement input: 10944 bricks
Refinement result: 10944 bricks (0.001 s)
Collecting and processing rays...OK (0.000 s)
Capturing...OK (0.000 s)
-----------------------------------------------------------------------

-----------------------------------------------------------------------
Equi Distant Refiner:
- Object 0 refiner:
Marking bricks(228) (distance calculation, calls=188) takes 0.00 s
Refinement input: 10944 bricks
Setting regions...OK (0.000 s)
Refinement result: 11672 bricks (0.002 s)
Collecting and processing rays...OK (0.004 s)
Capturing...OK (0.000 s)
Marking bricks(832) (distance calculation, calls=0) takes 0.00 s
Refinement input: 11672 bricks
Setting regions...OK (0.000 s)
Refinement result: 11672 bricks (0.001 s)
Collecting and processing rays...OK (0.000 s)
Capturing...OK (0.000 s)
- Object 0 refiner takes 0.01 s
Equi Distant Refiner takes 0.01 s
-----------------------------------------------------------------------
Building geometry takes 0.041 s
Geometry Fluid.0.
Total		11672
Partial	168
Fluid		11384
Solid		120
Bad		0

/-Ray Intersection---------------/ Time	0.004 s
Calls			538
CorrectRay Calls	0



-----------------------------------------------------------------------
Building geometries takes 0.041 s
-----------------------------------------------------------------------

-----------------------------------------------------------------------
PostBuilding geometries:
-----------------------------------------------------------------------
PostBuilding body-set (0) geometry Fluid.0. (0)...
Collecting and processing rays...OK (0.000 s)
Capturing...OK (0.000 s)
PostBuilding geometry takes 0.000 s
Geometry Fluid.0.
Total		11672
Partial	168
Fluid		11384
Solid		120
Bad		0

-----------------------------------------------------------------------
PostBuilding geometries takes 0.001 s
-----------------------------------------------------------------------

-----------------------------------------------------------------------
Check for symmetry in 2D plane (iteration=0)...
Refinement input: 11672 bricks
Refinement result: 11672 bricks (0.000 s)
Collecting and processing rays...OK (0.000 s)
Capturing...OK (0.000 s)
-----------------------------------------------------------------------
Defect ray count	0
FYI: CNarrowChannelRefiner::RedistributeLevel1_step_1: is finished
FYI: level1 statistics:
     level1_cnt_plus[1]=832;		level1_cnt_minus[1]=0
     level1_cnt_plus[2]=0;		level1_cnt_minus[2]=0
     level1_cnt_plus[3]=0;		level1_cnt_minus[3]=0
     level1_cnt_plus[4]=0;		level1_cnt_minus[4]=0
     level1_cnt_plus[5]=0;		level1_cnt_minus[5]=0
     level1_cnt_plus[6]=0;		level1_cnt_minus[6]=0
     level1_cnt_plus[7]=0;		level1_cnt_minus[7]=0
     level1_cnt_plus[8]=0;		level1_cnt_minus[8]=0
     level1_cnt_plus[9]=0;		level1_cnt_minus[9]=0
FYI: CNarrowChannelRefiner::RedistributeLevel1_step_2: is started
FYI: CNarrowChannelRefiner::RedistributeLevel1_step_2: is finished
FYI: level1 statistics:
     level1_cnt_plus[1]=832;		level1_cnt_minus[1]=0
     level1_cnt_plus[2]=0;		level1_cnt_minus[2]=0
     level1_cnt_plus[3]=0;		level1_cnt_minus[3]=0
     level1_cnt_plus[4]=0;		level1_cnt_minus[4]=0
     level1_cnt_plus[5]=0;		level1_cnt_minus[5]=0
     level1_cnt_plus[6]=0;		level1_cnt_minus[6]=0
     level1_cnt_plus[7]=0;		level1_cnt_minus[7]=0
     level1_cnt_plus[8]=0;		level1_cnt_minus[8]=0
     level1_cnt_plus[9]=0;		level1_cnt_minus[9]=0
FYI: CNarrowChannelRefiner::RedistributeLevel1_step_3: is started
FYI: CNarrowChannelRefiner::RedistributeLevel1_step_3: is finished
RedistributeLevel1 takes:
FYI: level1 statistics:
     level1_cnt_plus[1]=832;		level1_cnt_minus[1]=0
     level1_cnt_plus[2]=0;		level1_cnt_minus[2]=0
     level1_cnt_plus[3]=0;		level1_cnt_minus[3]=0
     level1_cnt_plus[4]=0;		level1_cnt_minus[4]=0
     level1_cnt_plus[5]=0;		level1_cnt_minus[5]=0
     level1_cnt_plus[6]=0;		level1_cnt_minus[6]=0
     level1_cnt_plus[7]=0;		level1_cnt_minus[7]=0
     level1_cnt_plus[8]=0;		level1_cnt_minus[8]=0
     level1_cnt_plus[9]=0;		level1_cnt_minus[9]=0
-----------------------------------------------------------------------
MSH format builder (Iteration 0)
-----------------------------------------------------------------------
Memory Working Set Current = 27.89 Mb, Memory Working Set Peak = 28.32 Mb
Process Threads Number: 29
-----------------------------------------------------------------------
Loading geometries triangulation & x-stacks...OK
x-stacks size = 0.16 Mb
Total bricks count: 11672
-----------------------------------------------------------------------
MSH (Real Geometry) format constructor:
	Getting brick sets...OK (0.001 s)
	Min x-stack xeps = 0.000442331
	D / dh / eps [axis=0] = (0.002, 0.001, 1e-06)
	D / dh / eps [axis=1] = (0.6, 0.000816639, 8.16639e-07)
	D / dh / eps [axis=2] = (0.9, 0.00103801, 1.03801e-06)
	Time (xeps): 0.000 s
Level 2
Level 1
	Set (0)  size: 416
	Set (0)  time: 0.012 s
	Set (1)  size: 416
	Set (1)  time: 0.001 s
Level 0
	Set (0)  size: 5420
	Set (0)  time: 0.001 s
	Set (1)  size: 5420
	Set (1)  time: 0.001 s
Result:
	Bricks number:                        11672

	Memory usage:                         0.167 MB
	Memory usage (per brick):             0.015 KB
	Construction time:                    0.018 s

	Topology features:
	------------------
	- High quality bricks                 100.00 % (11672)
	- Medium quality bricks                 0.00 % (0)
	- Bad quality bricks                    0.00 % (0)
	- Ribs corrected bricks                 0.00 % (0)
	- Points with geom-info (bricks)        0.00 % (0)
	- Points with closest-info (bricks)     0.00 % (0)
	- Triangulated by center (bricks)       0.00 % (0)
	- Facet w-faces mergings (bricks)       0.00 % (0)
	- To refine (bricks)                    0.00 % (0)

-----------------------------------------------------------------------
Memory Working Set Current = 51.51 Mb, Memory Working Set Peak = 51.52 Mb
Process Threads Number: 29
-----------------------------------------------------------------------
-----------------------------------------------------------------------
-----------------------------------------------------------------------
MSH --> BCF format (Iteration 0)...
BCF collector...(remove mode=0)
	Time (alloc counter per brick): 0.000 s
	Brick    count: 11672
	Av.f all count: 11552
	Av.s all count: 288
	Av.f pid count: 168
	Av.s pid count: 168
	Faces fs count: 172
	Faces ff count: 0
	Faces ss count: 0
	Faces bb count: 0
	Faces fe count: 22772
	Faces se count: 328
	Faces fw count: 23272
	Faces af count: 23274
	Faces as count: 660
	Time (all count): 	0.001 s
	Time (bcf alloc): 	0.001 s
	Time (shifts alloc): 	0.001 s
	Time (shifts init): 	0.001 s
	Time (bcf fill): 	0.001 s
	Time (add av to faces): 0.000 s
	Time (add faces to av): 0.001 s
Time (bcf collect): 		0.007 s
	AV checker...
	Time (check av): 	0.001 s
	Subdomain checker...
		Subdomains construction time: 0.001 s.
		Subdomains sort time: 0.000 s.
			Subdomain 0 (geom_ind=0): 11552 av
			Subdomain 1 (geom_ind=1): 288 av
		gi: 0, subdomains: 1, real bodies: 1
		gi: 1, subdomains: 1, real bodies: 0
		Defect subdomains: 0
	Time (check subdoms): 	0.002 s
Time (bcf iteration total): 	0.011 s
	Time (fw-nb): 		0.001 s
	Fixed mutual fw-nb:     8 (bb: 0)
	Time (fw-nb mutual): 	0.001 s
	Time (fw-nb sort): 	0.000 s
	Time (fw-nb): 		0.005 s
	Fixed mutual fw-nb:     45452 (bb: 0)
	Time (fw-nb mutual): 	0.003 s
	Time (fw-nb sort): 	0.000 s
	Time (rfd fix): 	0.000 s
	Time (av convexity): 	0.000 s
	Time (av small volume): 0.000 s
	Fluid subdomains: 1
	Faces fw-nb diff sd:    0
	Time (fw-nb diff sd): 	0.002 s
Time (bcf calc): 		0.016 s
-----------------------------------------------------------------------
Time (bcf total): 		0.027 s
-----------------------------------------------------------------------
-----------------------------------------------------------------------
Mega-cv constructor for fluid...
2D generator ...OK
Convert clusters:
	 376 mega-cv's total
	 0 av's is treated as thin
Relative size generator (threshold = 0.05)...
	Iteration 1 (small cluster count = 4)
	Iteration 2 (small cluster count = 0)
	 376 mega-cv's generated
	 4 mega-cv's removed
Relative size generator is completed OK (0.001 s)
Apply fa-rules to mega-cv clusters fixes...
OK (0.000 s)
Convert clusters:
	 372 mega-cv's total
Mega-cv count: 372
Time (mega-cv fill): 	0.001 s
Time (mega-cv total): 	0.008 s
-----------------------------------------------------------------------
Mixing plane rotation regions: NO.
Sliding mesh rotation regions: NO.
Fluid/fluid faces: NO.
----------------------------------------------------------
BCF --> BCF.GEOMSUBDOM (bridge arrays):
MESH (0):
	Fluid Subdom Constructor: 1 subdom(s).
	Solid Subdom Constructor: 1 subdom(s).
	Net Asm Subdom Constructor: 0 subdom(s).
	GEOMSUBDOM (0): gi=0 fluid av=11552 cv=11172 fa=23274 fb=0 fw=22944 V=1.079592e-03
	Cache data...OK
	GEOMSUBDOM (1): gi=1 solid av=288 cv=288 fa=660 fb=0 fw=500 V=4.083381e-07
	Cache data...OK
	Setting nb of w-faces...OK (0.002 s).
	Correcting nb of w-faces...
	Time(correct_fw_nb)=0.001 s

MESH (0) checking:
	GEOMSUBDOM (0):fa_s=0.3071142267263752 fb_s=0.0000000000000000 fw_s=1.0857203537292295 fw_nb=89704
	              :d_const(3945)=8.61787e-17 d_linear(3722)=1.27499e-14
	GEOMSUBDOM (1):fa_s=0.0006614041695843 fb_s=0.0000000000000000 fw_s=0.0005370300085347 fw_nb=1544
	              :d_const(273)=1.68416e-16 d_linear(54)=3.93735e-14
MESH (0) checking: OK.
Time (MDS): 	0.020 s
----------------------------------------------------------

-----------------------------------------------------------------------
BCF CHECKSUM DATA (Mesh 0):

BRICK |Level1| Sum:               832
FACE_A Area Sum:   G.Fluid        0.3071142267263752
FACE_A Area Sum:   G.Solid        0.0006614041695843
FACE_W Area Sum:                  1.0861286918688822
FACE_W Nb   Sum:                  90904
FACE_W min curvatures sum:        0.00000000
FACE_W max curvatures sum:        6879.95490265
AV Max Disbalance(Const) :        1.68416e-16 (cid=6503, t={2, 198, 244}, avid=11817, pid=149)
AV Max Disbalance(Linear):        6.90769e-14 (cid=4990, t={0, 194, 200}, avid=4978, pid=24)
-----------------------------------------------------------------------


-----------------------------------------------------------------------
MESHER TOPOLOGY DATA:

BRICKS: Total                 11672
BRICKS: 1-CV                  11504
BRICKS: 2-CV                  168
BRICKS: Bad                   0

AV:     G.Total               11840
AV:     G.Fluid               11552
AV:     G.Solid               288

AV:     G.Fluid Thin Profile    0.00 % (0)
AV:     G.Solid Thin Profile    0.00 % (0)

AV:     G.Fluid Thin For Mega   0.00 % (0)
AV:     G.Solid Thin For Mega   0.00 % (0)

AV:     G.Fluid Non-Convex      0.03 % (4)
AV:     G.Solid Non-Convex      0.00 % (0)

AV:     G.Fluid Non-Ess-Convex      0.03 % (4)
AV:     G.Solid Non-Ess-Convex      0.00 % (0)

FACE_A: G.Fluid          (af) 23274 (partially opened 252)
FACE_A: G.Solid          (as) 660 (partially opened 252)

FACE_B: G.Total          (b)  0

FACE_W: G.Total                 23272       Brick/Bound
FACE_W: G.Fluid/Solid    (fs_g) 172         0           
FACE_W: G.Fluid/Fluid    (ff_g) 0           0           
FACE_W: G.Solid/Solid    (ss_g) 0           0           
FACE_W: G.Fluid/External (fe_g) 22772
FACE_W: G.Solid/External (se_g) 328

AV/CV max fa count (on brick side):4
AV/CV max fw count:                4
AV/CV max fb count:                0
AV/CV max fw poly count:           8

MEMORY: Total                   5.595 MB
MEMORY: Per Brick               0.491 KB
-----------------------------------------------------------------------

-----------------------------------------------------------------------
Connectivities information:
	Number of conns: 0
-----------------------------------------------------------------------
	Time (gap size): 	0.001 s
-----------------------------------------------------------------------
Calculating curvature and tolerance criteria...
Curvature: min=0 max=1.87757
Tolerance: min=0 max=8.01031e-06
Calculating curvature and tolerance criteria takes 0.001 s
-----------------------------------------------------------------------
MESH Build(FS) finished. Time=0.208 s
-----------------------------------------------------------------------
Current CPU = 0 sec

Nx=1
Ny=96
Nz=114
Max BRICK Level=1
Mesh Level=2
-----------------CModelBodies2MeshMapper::CollectData started -------------------------------
-----------------CModelBodies2MeshMapper Report -------------------------------
FluidDomains 1 SolidDomains 1 VoidDomains 0 
Domains RefIndexes
Domain 0, Index count 2
Domain 1, Index count 2
----------------- -------------------------------
	ModelBodies
Total resolved Bodies 0 BodySets 0

--------------------------------------------------------------------------
	Positive geometry Bodies
Total resolved Bodies 1 BodySets 1
BodySet 0
	Bodies list:
			#0	Name: ;	ID: 40f3607c-aeb0-4181-be0b-4924779f0705
	Domains list:		 0 

--------------------------------------------------------------------------
	Fluid regions
Total resolved Bodies 1 BodySets 1
BodySet 0	Material: Water; 
	Bodies list:
			#0	Name: ;	ID: 40f3607c-aeb0-4181-be0b-4924779f0705
	Domains list:		 0 

--------------------------------------------------------------------------
-----------------CModelBodies2MeshMapper::CollectData finished successfully-------------------
Saving initial mesh in: C:\PHYSTECH\Books\SOLID\Занятие 4\3\3.fld .
Storing results...
Estimated CPT size=1.984 MB.
	Time (write bcf): 0.070 s
OK
-----------------------------------------------------------------------
Memory Working Set Current = 45.05 Mb, Memory Working Set Peak = 52.04 Mb
Process Threads Number: 29
-----------------------------------------------------------------------
Cleaning memory...
		Time (free xsl):                    	0.000 s
Free Geometry DB takes 0.000 s
	Time (free bcf): 	0.004 s
		Time (free bcf mesh):               	0.009 s
	Time (free mesher data):              	0.010 s
Copying... OK
Mesh generation normally finished at	20.10.2024	21:44:22
Mesher CPU = 1 sec
Mesher is finished at	20.10.2024	21:44:22
-----------------------------------------------------------------------
Memory Working Set Current = 31.13 Mb, Memory Working Set Peak = 52.04 Mb
Process Threads Number: 29
-----------------------------------------------------------------------
Algebra Pool      : mem_usage = 0.44 Mb, allocated count = 0
Log ended at 20.10.2024	21:44:22
